      P matrix      
 0.863314  0.129926
 0.129926  0.019553


********************************* Iteration  1 *********************************

     F matrix                   F' matrix      
-1.390415 -0.973201         -0.152906  0.363039
-0.973201 -0.742875          0.363039 -1.506157

     C matrix                   C' matrix      
-0.816763  0.766752          0.243746  0.969839
-0.316261 -1.074704         -0.969839  0.243746

                    P matrix                     
                0.667102  0.258310               
                0.258310  0.100021               

Electronic Energy    = -4.22752926810
Total Energy         = -2.77499573562
Delta (Convergence of the density matrix) = 1.395882e-01

********************************* Iteration  2 *********************************

     F matrix                   F' matrix      
-1.451398 -1.043399         -0.152906  0.363039
-1.043399 -0.803395          0.363039 -1.506157

     C matrix                   C' matrix      
-0.803088  0.781063          0.243746  0.969839
-0.335200 -1.068949         -0.969839  0.243746

                    P matrix                     
                0.644951  0.269195               
                0.269195  0.112359               

Electronic Energy    = -4.22752926810
Total Energy         = -2.85962475862
Delta (Convergence of the density matrix) = 1.483089e-02

********************************* Iteration  3 *********************************

     F matrix                   F' matrix      
-1.458075 -1.050043         -0.152906  0.363039
-1.050043 -0.809958          0.363039 -1.506157

     C matrix                   C' matrix      
-0.802005  0.782175          0.243746  0.969839
-0.336681 -1.068483         -0.969839  0.243746

                    P matrix                     
                0.643212  0.270020               
                0.270020  0.113354               

Electronic Energy    = -4.22752926810
Total Energy         = -2.86065578483
Delta (Convergence of the density matrix) = 1.159142e-03

********************************* Iteration  4 *********************************

     F matrix                   F' matrix      
-1.458597 -1.050554         -0.152906  0.363039
-1.050554 -0.810471          0.363039 -1.506157

     C matrix                   C' matrix      
-0.801924  0.782259          0.243746  0.969839
-0.336792 -1.068448         -0.969839  0.243746

                    P matrix                     
                0.643081  0.270082               
                0.270082  0.113429               

Electronic Energy    = -4.22752926810
Total Energy         = -2.86066212759
Delta (Convergence of the density matrix) = 8.719885e-05
                           CALCULATION CONVERGED!!!!                            
                                    OMG!!!!!                                    
_________________________ Final Values (atomic units) __________________________
                               MO             Energy                            
                           Vector 1  Occ=2  -1.597398                           
                           Vector 2  Occ=0  -0.061664                           

Electronic Energy  = -4.22752926810
Total Energy       = -2.86066212759
